<?xml version="1.0" encoding="UTF-8"?>
<!-- Generated by org.testng.reporters.JUnitReportReporter -->
<testsuite skipped="0" hostname="Tyss-Bharani" name="Testng.NewTest" tests="1" failures="0" timestamp="17 Nov 2018 06:45:56 GMT" time="0.003" errors="0">
  <testcase name="facebook" time="0.003" classname="Testng.NewTest"/>
</testsuite> <!-- Testng.NewTest -->
