<?xml version="1.0" encoding="UTF-8"?>
<!-- Generated by org.testng.reporters.JUnitReportReporter -->
<testsuite skipped="1" hostname="Tyss-Bharani" name="Testng.Demo" tests="2" failures="0" timestamp="17 Nov 2018 06:45:56 GMT" time="0.007" errors="0">
  <testcase name="calls" time="0.007" classname="Testng.Demo"/>
  <testcase name="settings" classname="Testng.Demo">
    <skipped/>
  </testcase> <!-- settings -->
</testsuite> <!-- Testng.Demo -->
